[debug] [2020-03-22T10:21:04.798Z] ----------------------------------------------------------------------
[debug] [2020-03-22T10:21:04.800Z] Command:       C:\Program Files\nodejs\node.exe C:\Program Files\nodejs\node_modules\firebase-tools\lib\bin\firebase.js serve
[debug] [2020-03-22T10:21:04.800Z] CLI Version:   7.15.1
[debug] [2020-03-22T10:21:04.800Z] Platform:      win32
[debug] [2020-03-22T10:21:04.800Z] Node Version:  v12.13.0
[debug] [2020-03-22T10:21:04.801Z] Time:          Sun Mar 22 2020 11:21:04 GMT+0100 (GMT+01:00)
[debug] [2020-03-22T10:21:04.801Z] ----------------------------------------------------------------------
[debug] [2020-03-22T10:21:04.801Z] 
[debug] [2020-03-22T10:21:04.809Z] > command requires scopes: ["email","openid","https://www.googleapis.com/auth/cloudplatformprojects.readonly","https://www.googleapis.com/auth/firebase","https://www.googleapis.com/auth/cloud-platform"]
[debug] [2020-03-22T10:21:04.809Z] > authorizing via signed-in user
[debug] [2020-03-22T10:21:04.809Z] [iam] checking project various-hosting for permissions ["firebase.projects.get"]
[debug] [2020-03-22T10:21:04.811Z] >>> HTTP REQUEST POST https://cloudresourcemanager.googleapis.com/v1/projects/various-hosting:testIamPermissions  

[debug] [2020-03-22T10:21:06.171Z] <<< HTTP RESPONSE 200
[debug] [2020-03-22T10:21:06.173Z] >>> HTTP REQUEST GET https://firebase.googleapis.com/v1beta1/projects/various-hosting  
 
[debug] [2020-03-22T10:21:06.466Z] <<< HTTP RESPONSE 200
[info] 
[info] === Serving from 'B:\Code\Projekty\HTML\ShotUtil'...
[info] 
[debug] [2020-03-22T10:21:06.470Z] >>> HTTP REQUEST GET https://firebase.googleapis.com/v1beta1/projects/various-hosting/webApps/-/config  
 
[debug] [2020-03-22T10:21:07.239Z] <<< HTTP RESPONSE 200
[info] i  hosting[shotutil]: Serving hosting files from: public
[info] +  hosting[shotutil]: Local server: http://localhost:5000
